[INFO  - 2017-06-17T09:16:51.082Z] GhostDriver - Main - running on port 62775
[INFO  - 2017-06-17T09:16:54.616Z] Session [b49762a0-533d-11e7-bfca-594106a37450] - page.settings - {"XSSAuditingEnabled":false,"javascriptCanCloseWindows":true,"javascriptCanOpenWindows":true,"javascriptEnabled":true,"loadImages":true,"localToRemoteUrlAccessEnabled":false,"userAgent":"Mozilla/5.0 (Windows NT 6.1; WOW64) AppleWebKit/538.1 (KHTML, like Gecko) PhantomJS/2.0.0 Safari/538.1","webSecurityEnabled":true}
[INFO  - 2017-06-17T09:16:54.616Z] Session [b49762a0-533d-11e7-bfca-594106a37450] - page.customHeaders:  - {}
[INFO  - 2017-06-17T09:16:54.616Z] Session [b49762a0-533d-11e7-bfca-594106a37450] - Session.negotiatedCapabilities - {"browserName":"phantomjs","version":"2.0.0","driverName":"ghostdriver","driverVersion":"1.2.0","platform":"windows-7-32bit","javascriptEnabled":true,"takesScreenshot":true,"handlesAlerts":false,"databaseEnabled":false,"locationContextEnabled":false,"applicationCacheEnabled":false,"browserConnectionEnabled":false,"cssSelectorsEnabled":true,"webStorageEnabled":false,"rotatable":false,"acceptSslCerts":false,"nativeEvents":true,"proxy":{"proxyType":"direct"}}
[INFO  - 2017-06-17T09:16:54.617Z] SessionManagerReqHand - _postNewSessionCommand - New Session Created: b49762a0-533d-11e7-bfca-594106a37450
[ERROR - 2017-06-17T09:16:55.498Z] Session [b49762a0-533d-11e7-bfca-594106a37450] - page.onError - msg: TypeError: undefined is not a constructor (evaluating 'jQuery110207099973044823855_1497691014894')

  :262 in error
[ERROR - 2017-06-17T09:16:55.499Z] Session [b49762a0-533d-11e7-bfca-594106a37450] - page.onError - stack:
  global code (https://sp0.baidu.com/5a1Fazu8AA54nxGko9WTAnF6hhy/su?wd=j&json=1&p=3&sid=1422_21087_22071_22157&csor=1&cb=jQuery110207099973044823855_1497691014894&_=1497691014896:1)

  :262 in error
[ERROR - 2017-06-17T09:16:55.499Z] Session [b49762a0-533d-11e7-bfca-594106a37450] - page.onError - msg: TypeError: undefined is not a constructor (evaluating 'jQuery110207099973044823855_1497691014894')

  :262 in error
[ERROR - 2017-06-17T09:16:55.499Z] Session [b49762a0-533d-11e7-bfca-594106a37450] - page.onError - stack:
  global code (https://sp0.baidu.com/5a1Fazu8AA54nxGko9WTAnF6hhy/su?wd=ja&json=1&p=3&sid=1422_21087_22071_22157&csor=2&pwd=j&cb=jQuery110207099973044823855_1497691014894&_=1497691014897:1)

  :262 in error
[ERROR - 2017-06-17T09:16:55.501Z] Session [b49762a0-533d-11e7-bfca-594106a37450] - page.onError - msg: TypeError: undefined is not a constructor (evaluating 'jQuery110207099973044823855_1497691014894')

  :262 in error
[ERROR - 2017-06-17T09:16:55.501Z] Session [b49762a0-533d-11e7-bfca-594106a37450] - page.onError - stack:
  global code (https://sp0.baidu.com/5a1Fazu8AA54nxGko9WTAnF6hhy/su?wd=jav&json=1&p=3&sid=1422_21087_22071_22157&csor=3&pwd=ja&cb=jQuery110207099973044823855_1497691014894&_=1497691014898:1)

  :262 in error
[ERROR - 2017-06-17T09:16:55.505Z] Session [b49762a0-533d-11e7-bfca-594106a37450] - page.onError - msg: TypeError: undefined is not a constructor (evaluating 'jQuery110207099973044823855_1497691014894')

  :262 in error
[ERROR - 2017-06-17T09:16:55.505Z] Session [b49762a0-533d-11e7-bfca-594106a37450] - page.onError - stack:
  global code (https://sp0.baidu.com/5a1Fazu8AA54nxGko9WTAnF6hhy/su?wd=java&json=1&p=3&sid=1422_21087_22071_22157&csor=4&pwd=jav&cb=jQuery110207099973044823855_1497691014894&_=1497691014899:1)

  :262 in error
